[SKIP] 2002216949-N/2002216949-N_Centre_Console_Cup_Holder_altered_upright.STL — 79.43 MB (превышает 50 МБ)
[ERROR] 2055365360-N/2055365360-N_2055365360-N.txt — ETELEGRAM: 400 Bad Request: file must be non-empty
[SKIP] 2190886970-N/2190886970-N_2190886970-N.stl — 119.21 MB (превышает 50 МБ)
[SKIP] 2241346293-N/2241346293-N_K1_Spool_Holder.stl — 148.55 MB (превышает 50 МБ)
[SKIP] 2365703769-N/2365703769-N_Final.stl — 71.14 MB (превышает 50 МБ)
[SKIP] 2365703769-N/2365703769-N_Final_for_small_People.stl — 73.20 MB (превышает 50 МБ)
[SKIP] 2365703769-N/2365703769-N_Final_for_small_People_V2.stl — 78.12 MB (превышает 50 МБ)
[SKIP] 2365703769-N/2365703769-N_Final_for_small_People_V2_Without_Triangle.stl — 70.90 MB (превышает 50 МБ)
[SKIP] 2365703769-N/2365703769-N_Final_for_small_People_Without_Triangle.stl — 65.89 MB (превышает 50 МБ)
[SKIP] 2365703769-N/2365703769-N_Final_without_Triangle.stl — 63.87 MB (превышает 50 МБ)
[SKIP] 2365703769-N/2365703769-N_V1.1.stl — 92.86 MB (превышает 50 МБ)
[SKIP] 2365703769-N/2365703769-N_V10.1.stl — 64.32 MB (превышает 50 МБ)
[SKIP] 2365703769-N/2365703769-N_V2.1.stl — 84.81 MB (превышает 50 МБ)
[SKIP] 2365703769-N/2365703769-N_V3.1.stl — 79.47 MB (превышает 50 МБ)
[SKIP] 2365703769-N/2365703769-N_V4.1.stl — 71.44 MB (превышает 50 МБ)
[SKIP] 2365703769-N/2365703769-N_V5.1.stl — 84.22 MB (превышает 50 МБ)
[SKIP] 2365703769-N/2365703769-N_V6.1.stl — 92.66 MB (превышает 50 МБ)
[SKIP] 2365703769-N/2365703769-N_V7.1.stl — 70.80 MB (превышает 50 МБ)
[SKIP] 2365703769-N/2365703769-N_V8.1.stl — 79.34 MB (превышает 50 МБ)
[SKIP] 2365703769-N/2365703769-N_V9.1.stl — 72.85 MB (превышает 50 МБ)
[SKIP] 2366866501-N/2366866501-N_30747048.stl — 70.49 MB (превышает 50 МБ)
[ERROR] 2369990458-N/2369990458-N_2740097854-N.txt — ETELEGRAM: 400 Bad Request: file must be non-empty
[SKIP] 2373264652-N/2373264652-N_e36_rear_cup_holder.OBJ — 173.99 MB (превышает 50 МБ)
[SKIP] 2373274071-N/2373274071-N_2В1 В2.stl — 89.87 MB (превышает 50 МБ)
[SKIP] 2373274071-N/2373274071-N_2в1.stl — 84.70 MB (превышает 50 МБ)
[SKIP] 2377665834-N/2377665834-N_mercedes_knob.stl — 65.33 MB (превышает 50 МБ)
[SKIP] 2383659899-N/2383659899-N_San2,log2 elsővonószem takaró.stl — 61.59 MB (превышает 50 МБ)
[SKIP] 2383694607-N/2383694607-N_Clio435ahvtak.stl — 53.27 MB (превышает 50 МБ)
[SKIP] 2385578622-N/2385578622-N_Anycubic_articulated-cobra.stl — 165.33 MB (превышает 50 МБ)
[SKIP] 2385590496-N/2385590496-N_Knurled_Nightcrawler.stl — 74.20 MB (превышает 50 МБ)
[SKIP] 2386398085-N/2386398085-N_Giant Constrictor Snake Coiled.stl — 92.28 MB (превышает 50 МБ)
[SKIP] 2386415485-N/2386415485-N_Rattlesnake.stl — 53.25 MB (превышает 50 МБ)
[SKIP] 2396903587-N/2396903587-N_machinarium_bot.stl — 58.08 MB (превышает 50 МБ)
[SKIP] 2402122079-N/2402122079-N_lampenkap-hyundai-tucson.stl — 104.90 MB (превышает 50 МБ)
[SKIP] 2402187631-N/2402187631-N_krytka_opravena_final.stl — 344.47 MB (превышает 50 МБ)
[SKIP] 2402187631-N/2402187631-N_поставил и починил.stl — 79.91 MB (превышает 50 МБ)
[SKIP] 2403748478-N/2403748478-N_hyundai_i30_roof_clip.3mf — 59.77 MB (превышает 50 МБ)
[SKIP] 2406347144-N/2406347144-N_заглушка мгинтолы скан.stl — 93.29 MB (превышает 50 МБ)
[SKIP] 2406347144-N/2406347144-N_починил и поставил.stl — 93.18 MB (превышает 50 МБ)
[SKIP] 2414141851-N/2414141851-N_articlated snake.stl — 177.58 MB (превышает 50 МБ)
[SKIP] 2414784311-N/2414784311-N_BatdogRemix (1).stl — 66.37 MB (превышает 50 МБ)
[SKIP] 2424141725-N/2424141725-N_BMW e90 cup holder by Sali.STL — 92.85 MB (превышает 50 МБ)
[SKIP] 2455561500-N/2455561500-N_CarPart.obj — 83.86 MB (превышает 50 МБ)
[SKIP] 2455561500-N/2455561500-N_Fog_L.stl — 53.52 MB (превышает 50 МБ)
[SKIP] 2455561500-N/2455561500-N_Fog_R.stl — 53.52 MB (превышает 50 МБ)
[SKIP] 2455561500-N/2455561500-N_поставил.stl — 52.70 MB (превышает 50 МБ)
[SKIP] 2455582677-N/2455582677-N_citroen sis.stl — 55.35 MB (превышает 50 МБ)
[SKIP] 2463596503-N/2463596503-N_Вот етих 2 шт должно бить.stl — 98.31 MB (превышает 50 МБ)
[SKIP] 2496110998-N/2496110998-N_Megane 2 2  bal ködlámpa keret 222.stl — 99.49 MB (превышает 50 МБ)
[SKIP] 2496110998-N/2496110998-N_починил и поставил.stl — 198.80 MB (превышает 50 МБ)
[SKIP] 2496110998-N/2496110998-N_правая.stl — 99.19 MB (превышает 50 МБ)
[SKIP] 2496121965-N/2496121965-N_Talisman 4a hát.vonszemtakaró 222.stl — 53.98 MB (превышает 50 МБ)
[SKIP] 2498161161-N/2498161161-N_Talisman kombi hát.vonszemtakaró 222 (1).stl — 57.97 MB (превышает 50 МБ)
[SKIP] 2504271593-N/2504271593-N_Megane3 lökhárítótartó 444 bal.stl — 55.88 MB (превышает 50 МБ)
[SKIP] 2504271593-N/2504271593-N_Megane3 lökhárítótartó 444.stl — 55.95 MB (превышает 50 МБ)
[ERROR] 2506394111-N/2506394111-N_httpscults3d.comen3d-modelgadgetrenault-master-3-front-tow-eye-cover.txt — ETELEGRAM: 400 Bad Request: file must be non-empty
[SKIP] 2506394111-N/2506394111-N_Master 3 első vonszem takaró 222.stl — 54.29 MB (превышает 50 МБ)
[SKIP] 2506394111-N/2506394111-N_поставил.stl — 54.29 MB (превышает 50 МБ)
[SKIP] 2506408066-N/2506408066-N_Megane3 hátsóvonszemtak5a.stl — 132.26 MB (превышает 50 МБ)
[SKIP] 2506436781-N/2506436781-N_Captur 1 első vonószem takaró 222.stl — 91.65 MB (превышает 50 МБ)
[SKIP] 2506436781-N/2506436781-N_Captur e vonszem tak.stl — 154.88 MB (превышает 50 МБ)
[SKIP] 2506441191-N/2506441191-N_clio3 5a hvonszemtakaró.stl — 146.62 MB (превышает 50 МБ)
[ERROR] 2506441191-N/2506441191-N_httpscults3d.comen3d-modelgadgetrenault-clio-3-rear-bumper-tow-eye-cover.txt — ETELEGRAM: 400 Bad Request: file must be non-empty
[SKIP] 2506474645-N/2506474645-N_Bipper vonószem takaró 222.stl — 75.34 MB (превышает 50 МБ)
[SKIP] 2515249249-N/2515249249-N_Peugeot 508 hátsó vonószemtakaró sedan 222.stl — 52.44 MB (превышает 50 МБ)
[SKIP] 2515280976-N/2515280976-N_Peugeot 5008 hát.vonszemtakaró 222.stl — 56.65 MB (превышает 50 МБ)
[SKIP] 2515280976-N/2515280976-N_поставил.stl — 56.65 MB (превышает 50 МБ)
[SKIP] 2516576694-N/2516576694-N_Bipper vonószem takaró 222.stl — 75.34 MB (превышает 50 МБ)
[SKIP] 2516582756-N/2516582756-N_C4 grandpic1vonszemtak.stl — 153.66 MB (превышает 50 МБ)
[SKIP] 2516582756-N/2516582756-N_верная модель .stl — 193.19 MB (превышает 50 МБ)
[SKIP] 2516589836-N/2516589836-N_C4 grandpic1vonszemtak.stl — 153.66 MB (превышает 50 МБ)
[SKIP] 2516596058-N/2516596058-N_C4pic2grandhátsóvonszemtakaró.stl — 108.11 MB (превышает 50 МБ)
[SKIP] 2528591027-N/2528591027-N_1.stl — 93.34 MB (превышает 50 МБ)
[SKIP] 2528591027-N/2528591027-N_2.obj — 99.99 MB (превышает 50 МБ)
[SKIP] 2529792455-N/2529792455-N_a.stl — 57.05 MB (превышает 50 МБ)
[SKIP] 2529816534-N/2529816534-N_Крышка.stl — 56.96 MB (превышает 50 МБ)
[SKIP] 2535277877-N/2535277877-N_Calandra Seat 6k 6k2 cupra sin logo.stl — 499.76 MB (превышает 50 МБ)
[SKIP] 2535277877-N/2535277877-N_Conjunto 6k2.stl — 90.41 MB (превышает 50 МБ)
[SKIP] 2535373150-N/2535373150-N_Copiloto.stl — 327.94 MB (превышает 50 МБ)
[SKIP] 2535373150-N/2535373150-N_Piloto.stl — 327.91 MB (превышает 50 МБ)
[SKIP] 2535400284-N/2535400284-N_Cover1.stl — 57.38 MB (превышает 50 МБ)
[SKIP] 2559039177-N/2559039177-N_tapa soporte retrovisor ford kuga.stl — 53.77 MB (превышает 50 МБ)
[SKIP] 2559039177-N/2559039177-N_водительская сторона.stl — 53.77 MB (превышает 50 МБ)
[SKIP] 2578398500-N/2578398500-N_meganokvir_NetfabbRepaired.stl — 67.75 MB (превышает 50 МБ)
[SKIP] 2578398500-N/2578398500-N_v3.stl — 67.85 MB (превышает 50 МБ)
[SKIP] 2578432166-N/2578432166-N_bbbw_mesh.stl — 130.74 MB (превышает 50 МБ)
[SKIP] 2579303340-N/2579303340-N_2 шт поставли.stl — 89.57 MB (превышает 50 МБ)
[SKIP] 2580499148-N/2580499148-N_L.stl — 50.44 MB (превышает 50 МБ)
[SKIP] 2589870210-N/2589870210-N_CITROEN C4 PEUGEOT 307 DS Climate Heater Temp Actuator Gear 5E2222400.stl — 530.14 MB (превышает 50 МБ)
[ERROR] 2594151677-N/2594151677-N_2594151677-N.txt — ETELEGRAM: 400 Bad Request: file must be non-empty
[SKIP] 2596849914-N/2596849914-N_2596849914-N.stl — 56.74 MB (превышает 50 МБ)
[SKIP] 2596849914-N/2596849914-N_Scenic 2 hát.vonszemtakaró 222 (1).stl — 56.74 MB (превышает 50 МБ)
[SKIP] 2612501940-N/2612501940-N_audi_v2.stl — 95.65 MB (превышает 50 МБ)
[SKIP] 2612501940-N/2612501940-N_Right.stl — 95.65 MB (превышает 50 МБ)
[SKIP] 2612501940-N/2612501940-N_Уточнять-v2.stl — 95.65 MB (превышает 50 МБ)
[SKIP] 2622036131-N/2622036131-N_Left-Plohaja.stl — 95.55 MB (превышает 50 МБ)
[SKIP] 2622036131-N/2622036131-N_Right-Plohaja.stl — 95.70 MB (превышает 50 МБ)
[SKIP] 2622036131-N/2622036131-N_крішка фарі фвбия левая.stl — 95.55 MB (превышает 50 МБ)
[SKIP] 2622364501-N/2622364501-N_5M0823395A.STL — 58.96 MB (превышает 50 МБ)
[SKIP] 2622364501-N/2622364501-N_починил.stl — 58.92 MB (превышает 50 МБ)
[SKIP] 2622930005-N/2622930005-N_bmw-e30-inner-door-window-switch-cover.obj — 63.88 MB (превышает 50 МБ)
[SKIP] 2622930005-N/2622930005-N_bmw-e30-inner-door-window-switch-cover.stl — 78.69 MB (превышает 50 МБ)
[SKIP] 2624858392-N/2624858392-N_Part1_v6.STL — 51.46 MB (превышает 50 МБ)
[SKIP] 2624946674-N/2624946674-N_Megan 2 1 ködlámpa burkolat 222.stl — 64.44 MB (превышает 50 МБ)
[SKIP] 2631022330-N/2631022330-N_2631022330-N-3D scan towing hook cover AUDI A6 C6.stl — 77.02 MB (превышает 50 МБ)
[SKIP] 2631022330-N/2631022330-N_3D scan towing hook cover AUDI A6 C6.stl — 77.02 MB (превышает 50 МБ)
[SKIP] 2631231008-N/2631231008-N_2631231008-N-02.stl — 97.09 MB (превышает 50 МБ)
[SKIP] 2659054653-N/2659054653-N_citroen sis.stl — 55.35 MB (превышает 50 МБ)
[SKIP] 2666042147-N/2666042147-N_5M0823395A.STL — 58.96 MB (превышает 50 МБ)
[SKIP] 2666042147-N/2666042147-N_починил блять.stl — 58.92 MB (превышает 50 МБ)
[SKIP] 2681365809-N/2681365809-N_30747048.stl — 70.49 MB (превышает 50 МБ)
[SKIP] 2681397937-N/2681397937-N_part.stl — 50.94 MB (превышает 50 МБ)
[SKIP] 2685882362-N/2685882362-N_2685882362-N-obj_1_bmw m e60 front bumper up caps.stl — 58.95 MB (превышает 50 МБ)
[SKIP] 2685882362-N/2685882362-N_obj_1_bmw m e60 front bumper up caps.stl — 58.95 MB (превышает 50 МБ)
[SKIP] 2686088130-N/2686088130-N_BMW ashtray cup holder 2.stl — 124.65 MB (превышает 50 МБ)
[SKIP] 2686088130-N/2686088130-N_Cap holder update 3_25.stl — 124.59 MB (превышает 50 МБ)
[SKIP] 2686843480-N/2686843480-N_2686843480-N-bmw-5series-2016-fbtc.stl — 119.21 MB (превышает 50 МБ)
[SKIP] 2686855941-N/2686855941-N_bmw-5series-2016-rbtc.obj — 98.71 MB (превышает 50 МБ)
[SKIP] 2686855941-N/2686855941-N_bmw-5series-2016-rbtc.stl — 119.21 MB (превышает 50 МБ)
[SKIP] 2688652515-N/2688652515-N_2688652515-N-mazda-2-2022-fbtc.stl — 95.36 MB (превышает 50 МБ)
[SKIP] 2689892216-N/2689892216-N_2689892216-N-bmw-1series-2012-rbtc.stl — 119.21 MB (превышает 50 МБ)
[SKIP] 2689901584-N/2689901584-N_2689892216-N-bmw-1series-2012-rbtc.stl — 119.21 MB (превышает 50 МБ)
[SKIP] 2689902750-N/2689902750-N_mercedes-c-class-2022-rbtc.obj — 98.67 MB (превышает 50 МБ)
[SKIP] 2689902750-N/2689902750-N_mercedes-c-class-2022-rbtc.stl — 119.21 MB (превышает 50 МБ)
[SKIP] 2689932996-N/2689932996-N_volvo-rbtc.obj — 98.76 MB (превышает 50 МБ)
[SKIP] 2689932996-N/2689932996-N_volvo-rbtc.stl — 119.21 MB (превышает 50 МБ)
[SKIP] 2689977386-N/2689977386-N_golf-2-sideskirts-jackhole-covers.obj — 99.49 MB (превышает 50 МБ)
[SKIP] 2689977386-N/2689977386-N_golf-2-sideskirts-jackhole-covers.stl — 119.21 MB (превышает 50 МБ)
[ERROR] 2702171261-N/2702171261-N_2740106961-N.txt — ETELEGRAM: 400 Bad Request: file must be non-empty
[SKIP] 2702178143-N/2702178143-N_крышка 16858, авенсис т25.stl — 84.98 MB (превышает 50 МБ)
[SKIP] 2738973132-N/2738973132-N_2738973132-N-ABS.3mf — 90.11 MB (превышает 50 МБ)
[SKIP] 2738973132-N/2738973132-N_t27lefttwasher3.stl — 119.21 MB (превышает 50 МБ)
[SKIP] 2738973132-N/2738973132-N_t27rightwasher3.stl — 119.21 MB (превышает 50 МБ)
[SKIP] 2745376542-N/2745376542-N_307 1 fényszórómosó kupak 222.stl — 53.36 MB (превышает 50 МБ)
[SKIP] 2745376542-N/2745376542-N_307 1 fényszórómosó kupak 333.stl — 53.36 MB (превышает 50 МБ)
[SKIP] 2745380324-N/2745380324-N_C4 Pic-1 lámpamosó fedél bal 222.stl — 125.20 MB (превышает 50 МБ)
[SKIP] 2745380324-N/2745380324-N_C4 Pic-1 lámpamosó fedél jobb 222.stl — 125.20 MB (превышает 50 МБ)
[SKIP] 2745380324-N/2745380324-N_поставил.stl — 250.40 MB (превышает 50 МБ)
[SKIP] 2745380374-N/2745380374-N_C5 1 lámpamosó fedél 222 bal.stl — 79.35 MB (превышает 50 МБ)
[SKIP] 2745380374-N/2745380374-N_C5 1 lámpamosó fedél 222 jobb.stl — 79.35 MB (превышает 50 МБ)
[ERROR] 2745419730-N/2745419730-N_2745419729-N.txt — ETELEGRAM: 400 Bad Request: file must be non-empty
[SKIP] 2745425315-N/2745425315-N_Cmax_2010-2014-repair.stl — 85.86 MB (превышает 50 МБ)
[SKIP] 2745425315-N/2745425315-N_поставил 2 шт.stl — 171.73 MB (превышает 50 МБ)
[SKIP] 2745426891-N/2745426891-N_307 1 fényszórómosó kupak 222.stl — 53.36 MB (превышает 50 МБ)
[SKIP] 2745426891-N/2745426891-N_307 1 fényszórómosó kupak 333.stl — 53.36 MB (превышает 50 МБ)
[SKIP] 2745433740-N/2745433740-N_в проекте.3mf — 64.27 MB (превышает 50 МБ)
[SKIP] 2745436144-N/2745436144-N_Mercedes Viano far yıkama Kapağı.stl — 119.21 MB (превышает 50 МБ)
[SKIP] 2745436455-N/2745436455-N_2745436454-N-ABS-02.3mf — 53.92 MB (превышает 50 МБ)
[SKIP] 2745436455-N/2745436455-N_v10.3mf — 118.93 MB (превышает 50 МБ)
[SKIP] 2745436455-N/2745436455-N_Заглушка омывателя фар.stl — 191.55 MB (превышает 50 МБ)
[SKIP] 2745436455-N/2745436455-N_левая в проекте.3mf — 59.29 MB (превышает 50 МБ)
[SKIP] 2745436455-N/2745436455-N_поставил и нарисовал шов.3mf — 117.11 MB (превышает 50 МБ)
[SKIP] 2745436455-N/2745436455-N_поставил.stl — 383.11 MB (превышает 50 МБ)
[SKIP] 2745436455-N/2745436455-N_правая.stl — 191.55 MB (превышает 50 МБ)
[SKIP] 2745459993-N/2745459993-N_вроде как поставил, по ноновоиму, тест.stl — 53.89 MB (превышает 50 МБ)
[SKIP] 2752480362-N/2752480362-N_4R83-15A289-AE (L).stl — 95.43 MB (превышает 50 МБ)
[SKIP] 2759575387-N/2759575387-N_2506383534-N-2360513822-N-2759575387-N-ABS-03.3mf — 193.35 MB (превышает 50 МБ)
[SKIP] 2759575387-N/2759575387-N_2759575387-N-ABS-02_2.stl — 70.76 MB (превышает 50 МБ)
[SKIP] 2759575387-N/2759575387-N_сценик 2 заглушка ждворника.stl — 74.47 MB (превышает 50 МБ)
[SKIP] 2765654336-N/2765654336-N_Valera_kozirek.stl — 54.52 MB (превышает 50 МБ)
[ERROR] 2766883083-N/2766883083-N_2766883083-N.txt — ETELEGRAM: 400 Bad Request: file must be non-empty
[SKIP] 2767468695-N/2767468695-N_Scenic 3 lámpamosó 2222 bal.stl — 70.51 MB (превышает 50 МБ)
[SKIP] 2767468695-N/2767468695-N_Scenic 3 lámpamosó 2222 jobb.stl — 70.51 MB (превышает 50 МБ)
[SKIP] 2773129179-N/2773129179-N_правая пассажира.stl — 61.77 MB (превышает 50 МБ)
[SKIP] 2773167177-N/2773167177-N_2773167177-N-PgBlack-h2s-01.3mf — 62.66 MB (превышает 50 МБ)
[SKIP] 2773167177-N/2773167177-N_2773167177-N-PgBlack-h2s-02.3mf — 62.67 MB (превышает 50 МБ)
[SKIP] 2773167177-N/2773167177-N_2773167177-N-W211.stl — 237.99 MB (превышает 50 МБ)
[SKIP] 2773167177-N/2773167177-N_W211.stl — 237.99 MB (превышает 50 МБ)
[ERROR] 2784134522-N/2784134522-N_2784134522-N.txt — ETELEGRAM: 400 Bad Request: file must be non-empty
[SKIP] 2791063799-N/2791063799-N_Diflector_AUDI_A4_B6.stl — 142.18 MB (превышает 50 МБ)
[SKIP] 2793561065-N/2793561065-N_lampenkap-hyundai-tucson (1).stl — 104.90 MB (превышает 50 МБ)
[ERROR] 2796179587-N/2796179587-N_модель есть .txt — ETELEGRAM: 400 Bad Request: file must be non-empty
[SKIP] 2868565146-N/2868565146-N_T5-Schienenabdeckung (1).stl — 57.07 MB (превышает 50 МБ)
[SKIP] 2868565157-N/2868565157-N_Ford_1949153_G1EY-17F766-AА_RH.stl — 95.17 MB (превышает 50 МБ)
[SKIP] 2868565158-N/2868565158-N_Ford_1949154_G1EY-17F767-AA_LH.stl — 95.17 MB (превышает 50 МБ)
[SKIP] 2868565168-N/2868565168-N_2868565168-N-Partner 2 fényszóró porvédő 2.stl — 76.16 MB (превышает 50 МБ)
[SKIP] 2868565168-N/2868565168-N_Partner 2 fényszóró porvédő 2.stl — 76.16 MB (превышает 50 МБ)
[SKIP] 2868565190-N/2868565190-N_obj_1_Socha stojícího koně.stl — 60.73 MB (превышает 50 МБ)
[SKIP] 2868565211-N/2868565211-N_mercedes-e-class-wdd211-rbtc.obj — 98.70 MB (превышает 50 МБ)
[SKIP] 2868565211-N/2868565211-N_mercedes-e-class-wdd211-rbtc.stl — 119.21 MB (превышает 50 МБ)
[SKIP] 2868565212-N/2868565212-N_mercedes-w203-facelift-fbtc.obj — 98.75 MB (превышает 50 МБ)
[SKIP] 2868565212-N/2868565212-N_mercedes-w203-facelift-fbtc.stl — 119.21 MB (превышает 50 МБ)
[SKIP] 2868565212-N/2868565212-N_поставил.stl — 119.21 MB (превышает 50 МБ)
[SKIP] 2868565249-N/2868565249-N_golf-5-gti-fb-bead.obj — 58.86 MB (превышает 50 МБ)
[SKIP] 2868565249-N/2868565249-N_golf-5-gti-fb-bead.stl — 71.98 MB (превышает 50 МБ)
[SKIP] 2868565251-N/2868565251-N_golf-5-gti-rbtc.obj — 98.76 MB (превышает 50 МБ)
[SKIP] 2868565251-N/2868565251-N_golf-5-gti-rbtc.stl — 119.21 MB (превышает 50 МБ)
[SKIP] 2868565253-N/2868565253-N_ford-focus-rbtc.obj — 98.22 MB (превышает 50 МБ)
[SKIP] 2868565253-N/2868565253-N_ford-focus-rbtc.stl — 119.21 MB (превышает 50 МБ)
[SKIP] 2868565254-N/2868565254-N_chev-spark-2015-rbtc.stl — 91.97 MB (превышает 50 МБ)
[SKIP] 2868565259-N/2868565259-N_2868565259-N-P1s-PG-s04-v01-Orca.3mf — 58.44 MB (превышает 50 МБ)
[SKIP] 2868565259-N/2868565259-N_Professional badge(Repaired).stl — 163.53 MB (превышает 50 МБ)
[SKIP] 2868565259-N/2868565259-N_toyota-prof-badge.stl — 165.08 MB (превышает 50 МБ)
[SKIP] 2868565261-N/2868565261-N_2868565261-N-Golf-2-Rbtc-FIXED.stl — 117.13 MB (превышает 50 МБ)
[SKIP] 2868565261-N/2868565261-N_Golf-2-Rbtc.obj — 99.34 MB (превышает 50 МБ)
[SKIP] 2868565261-N/2868565261-N_Golf-2-Rbtc.stl — 119.21 MB (превышает 50 МБ)
[SKIP] 2887548960-N/2887548960-N_207 2 jobb ködlámpa keret 222.stl — 64.64 MB (превышает 50 МБ)
[SKIP] 2887548965-N/2887548965-N_Partner első embléma 222.stl — 70.09 MB (превышает 50 МБ)
[SKIP] 2887548967-N/2887548967-N_206 ülés állító kar 222.stl — 57.67 MB (превышает 50 МБ)
[SKIP] 2887548968-N/2887548968-N_2887548968-N-P508zártakaró (1).stl — 120.64 MB (превышает 50 МБ)
[SKIP] ARD000153-N/ARD000153-N_reshetka.stl — 52.69 MB (превышает 50 МБ)
[SKIP] ARD000436-N/ARD000436-N_ford focus mk1 fuse box cover READY.stl — 51.02 MB (превышает 50 МБ)
[SKIP] ARD000776-N/ARD000776-N_BMW X1 U11 X-LINE 2023-2025.stl — 119.21 MB (превышает 50 МБ)
[SKIP] ARD000786-N/ARD000786-N_BMW 5 2017-2019.stl — 112.58 MB (превышает 50 МБ)
[SKIP] ARD000804-N/ARD000804-N_Assembly.stl — 150.35 MB (превышает 50 МБ)
[SKIP] ARD000804-N/ARD000804-N_Parts.stl — 150.35 MB (превышает 50 МБ)
[SKIP] ARD000856-N/ARD000856-N_BMW 6 E63-E64 2006 ZADNJI POKLOPAC.stl — 118.18 MB (превышает 50 МБ)
[SKIP] ARD001003-N/ARD001003-N_FZS_600_Head.stl — 61.27 MB (превышает 50 МБ)
[SKIP] ARD001141-N/ARD001141-N_C4 Picasso1 ködlámpa keret jobb 222.stl — 61.24 MB (превышает 50 МБ)
[SKIP] ARD001172-N/ARD001172-N_AUDI A6 C7.stl — 118.82 MB (превышает 50 МБ)
[SKIP] ARD001173-N/ARD001173-N_5112 139605-14.stl — 119.21 MB (превышает 50 МБ)
[SKIP] ARD001200-N/ARD001200-N_BMW X2 F39 M SPORT 2017-2021.stl — 119.21 MB (превышает 50 МБ)
[SKIP] ARD001200-N/ARD001200-N_Orca-ABS-02.3mf — 57.64 MB (превышает 50 МБ)
[SKIP] ARD001203-N/ARD001203-N_AUDI 4GO.807.241.A.stl — 119.06 MB (превышает 50 МБ)
[SKIP] ARD001212-N/ARD001212-N_AUDI A6 S-LINE 2015-2018.stl — 119.21 MB (превышает 50 МБ)
[SKIP] ARD001215-N/ARD001215-N_BMW X1 SPORT 2021.stl — 118.57 MB (превышает 50 МБ)
[SKIP] ARD001217-N/ARD001217-N_AUDI TT TTS.STL — 61.08 MB (превышает 50 МБ)
[SKIP] ARD001218-N/ARD001218-N_407 kijelző körüli keret 2222.stl — 78.08 MB (превышает 50 МБ)
[SKIP] ARD001229-N/ARD001229-N_BMW X5 F15 2.stl — 118.96 MB (превышает 50 МБ)
[SKIP] ARD001291-N/ARD001291-N_audi-A3-hatch-2015-fbtc.stl — 119.75 MB (превышает 50 МБ)
[SKIP] ARD001336-N/ARD001336-N_AUDI Q5.stl — 119.21 MB (превышает 50 МБ)
[SKIP] ARD001352-N/ARD001352-N_AUDI Q7 POKLOPAC KUKE MESH.stl — 118.76 MB (превышает 50 МБ)
[SKIP] ARD001353-N/ARD001353-N_AUDI A4 B9.stl — 119.34 MB (превышает 50 МБ)
[SKIP] ARD001356-N/ARD001356-N_FARA FUSION _point_cloud_5_Scan 5.stl — 88.98 MB (превышает 50 МБ)
[SKIP] ARD001401-N/ARD001401-N_LAJSNAMOTORA final.STL — 101.88 MB (превышает 50 МБ)
[SKIP] ARD003156-N/ARD003156-N_800 853 579a SA─Ю haz─r.stl — 77.47 MB (превышает 50 МБ)
[SKIP] ARD003156-N/ARD003156-N_800 853 579a SOL haz─r.stl — 77.47 MB (превышает 50 МБ)
[SKIP] ARD003358-N/ARD003358-N_cap.stl — 95.68 MB (превышает 50 МБ)
[SKIP] ARD003607-N/ARD003607-N_ABS-02.3mf — 88.25 MB (превышает 50 МБ)
[SKIP] ARD003607-N/ARD003607-N_BMW X7 G07 2018-P.stl — 118.96 MB (превышает 50 МБ)
[SKIP] ARD003631-N/ARD003631-N_Outside button tigra Finished .stl — 53.22 MB (превышает 50 МБ)
[SKIP] ARD003706-N/ARD003706-N_2190886970-N-P1S-N-Orca-ABS-03-Slow.stl — 238.42 MB (превышает 50 МБ)
[SKIP] ARD003706-N/ARD003706-N_ARD003706-NR-h2s-05.3mf — 70.93 MB (превышает 50 МБ)
[SKIP] ARD003706-N/ARD003706-N_ARD003706-NR-h2s-06.3mf — 70.95 MB (превышает 50 МБ)
[SKIP] ARD003706-N/ARD003706-N_ARD003706-NR-h2s-07.3mf — 70.93 MB (превышает 50 МБ)
[SKIP] ARD003706-N/ARD003706-N_AUDI Q3 2018-2022.stl — 289.37 MB (превышает 50 МБ)
[SKIP] ARD003706-N/ARD003706-N_ISPUNA.stl — 119.67 MB (превышает 50 МБ)
[SKIP] ARD003806-N/ARD003806-N_BMW G30.stl — 119.21 MB (превышает 50 МБ)
[SKIP] ARD003832-N/ARD003832-N_AUDI Q7 4L 2010-2015.stl — 119.01 MB (превышает 50 МБ)
[SKIP] ARD004294-N/ARD004294-N_Duster vonószem takaró 222.stl — 63.32 MB (превышает 50 МБ)
[SKIP] ARD004294-N/ARD004294-N_Right-ARD004294-NR-P1S-N-Orca-ABS-03-Slow.stl — 63.32 MB (превышает 50 МБ)
[SKIP] ARD004394-N/ARD004394-N_Xiaomi VX.stl — 108.35 MB (превышает 50 МБ)
[SKIP] ARD004445-N/ARD004445-N_9813646280.stl — 293.81 MB (превышает 50 МБ)
