[UPLOADED] 2001867564/avs_k1.3mf — 0.92 MB, file_id: BQACAgIAAyEGAAMBB4-SdQADBGovKgNHA1wNIQJQVtnDVthdN3UkAAKorwACRr14SQWfm4YlSNtDPAQ
[UPLOADED] 2001867564/bmw e53.stl — 1.56 MB, file_id: BQACAgIAAyEGAAMBB4-SdQADBWovKgPTXK7ER1sCFkaHVl_620ZVAAKprwACRr14SUjFD9oBtOS2PAQ
[UPLOADED] 2001867564/bmw niz 2 sloya.stl — 5.36 MB, file_id: BQACAgIAAyEGAAMBB4-SdQADBmovKgS8eDn7DvDKl41xib5tJh6nAAKqrwACRr14SdHJQEAukk-IPAQ
[UPLOADED] 2001867564/BMWCover_Full (1).3mf — 0.92 MB, file_id: BQACAgIAAyEGAAMBB4-SdQADB2ovKgU2-cEyENyrvEiezrvZYBG0AAKrrwACRr14SXos-D2j8apwPAQ
[UPLOADED] 2001867564/BMWCover_Full (1).stl — 5.36 MB, file_id: BQACAgIAAyEGAAMBB4-SdQADCGovKgYBAAH_MQo8Jg9IrBnXdjHiZAACrK8AAka9eEljDS4auUb0BzwE
[UPLOADED] 2001867564/CFFFP_bmw e39 new model.stl — 8.23 MB, file_id: BQACAgIAAyEGAAMBB4-SdQADCWovKgkjWmxxQvKrXRbEloy6BQ3WAAKtrwACRr14Sfs0dA6WKTPUPAQ
[UPLOADED] 2001929244/CupHolder_E46.stl — 0.18 MB, file_id: BQACAgIAAyEGAAMBB4-SdQADCmovKgpriNiH--Z_3xMXuRIZ1c7kAAKurwACRr14SdXZYKnQD60DPAQ
[UPLOADED] 2001932927/Cupholder_E90__330ml_sleek_59mm_v2 (2).stl — 5.77 MB, file_id: BQACAgIAAyEGAAMBB4-SdQADC2ovKgxynp3zoJg2C85xzBKtLO4CAAKvrwACRr14SXT6TUKS5f5EPAQ
[UPLOADED] 2001932927/Cupholder_E90__330or500ml_66mm_v2.stl — 4.75 MB, file_id: BQACAgIAAyEGAAMBB4-SdQADDGovKg7QnZaywYmz8ME9toqvKYZOAAKwrwACRr14SQVcv4PNSmXIPAQ
[UPLOADED] 2001936786/Cup_Holder_E36.stl — 0.17 MB, file_id: BQACAgIAAyEGAAMBB4-SdQADDWovKg6uLV_eO9-W7h7UoKbLny8oAAKxrwACRr14SYZqfd6GawscPAQ
[UPLOADED] 2001936786/large_display_Cup_Holder_E36.stl — 0.59 MB, file_id: BQACAgIAAyEGAAMBB4-SdQADDmovKg5NH0dFRc5b-EHHqUAaXXBDAAKyrwACRr14STcquoq3wp8XPAQ
[UPLOADED] 2002019645/E34cupHolderV2.3mf — 0.50 MB, file_id: BQACAgIAAyEGAAMBB4-SdQADD2ovKg8EQxLBzBCKMJ6TMMBgRljCAAKzrwACRr14SUe9DTkc0xmGPAQ
[UPLOADED] 2002019645/E34cupHolderV2.stl — 2.34 MB, file_id: BQACAgIAAyEGAAMBB4-SdQADEGovKhAH4WCULNJWjHu87WhpSi8RAAK0rwACRr14SfoRD0aXGzA5PAQ
[UPLOADED] 2002035898/e30_BMW_Cup_Holder.STL — 0.07 MB, file_id: BQACAgIAAyEGAAMBB4-SdQADEWovKhDxseGKpgbvFwzVUlSC5UlHAAK1rwACRr14SUtdatSpfq05PAQ
[UPLOADED] 2002047104/BMW_E34_Cup_Holder.stl — 1.16 MB, file_id: BQACAgIAAyEGAAMBB4-SdQADEmovKhFFwo5xpNPv4VICDqGp2dB1AAK2rwACRr14Sf4UqSERFy6ePAQ
[UPLOADED] 2002113840/BMW_Cupholder_Insert.stl — 0.45 MB, file_id: BQACAgIAAyEGAAMBB4-SdQADE2ovKhQsen0WAaa9KnYWMzax38wWAAK3rwACRr14SRkkNM4O9mV3PAQ
[UPLOADED] 2002113840/BMW_Cupholder_Ring.stl — 0.18 MB, file_id: BQACAgIAAyEGAAMBB4-SdQADFGovKhTP1pn4J7nFRE2xtwvgLtFMAAK4rwACRr14SU9CU14DRQmRPAQ
[UPLOADED] 2002142761/Bottom.stl — 0.02 MB, file_id: BQACAgIAAyEGAAMBB4-SdQADFWovKhX5MvxuZ_30B66fqm_cavrKAAK5rwACRr14SXWUvfjHBQXTPAQ
[UPLOADED] 2002142761/Combined.stl — 0.03 MB, file_id: BQACAgIAAyEGAAMBB4-SdQADFmovKhXosrlQB-Cs8n6CJ6pP24XdAAK6rwACRr14SdkPqwN5YFHNPAQ
[UPLOADED] 2002142761/Top.stl — 0.02 MB, file_id: BQACAgIAAyEGAAMBB4-SdQADF2ovKhXLDilyNVR6nbZSN7s2EgPEAAK7rwACRr14SRpxj7bayc6mPAQ
